Connecting to database specified by database.yml
Connecting to database specified by database.yml
Connecting to database specified by database.yml
Connecting to database specified by database.yml
Connecting to database specified by database.yml
Connecting to database specified by database.yml
Connecting to database specified by database.yml
Migrating to AddBannedAtToUser (20140628045757)
Connecting to database specified by database.yml
Migrating to AddBannedAtToUser (20140628045757)
Connecting to database specified by database.yml
Connecting to database specified by database.yml
Connecting to database specified by database.yml
Connecting to database specified by database.yml
Migrating to AddBannedAtToUser (20140628045757)
Migrating to AddLastIpToUser (20140630201109)
Migrating to EnablePgStatStatements (20140701170008)
Migrating to CreateCaseInsensitiveIndexesOnUser (20140703223632)
Migrating to CreateSpamReports (20140709044301)
Migrating to AddLikeCounterToModels (20140713162421)
Migrating to SetDefaultScoreForProtip (20140713193201)
Migrating to SetDefaultToUserLastRequest (20140717105025)
Migrating to CreateTeamsAccounts (20140718083741)
Migrating to CreateTeamsLinks (20140718083912)
Migrating to CreateTeamsLocations (20140718083928)
Migrating to CreateTeamsMembers (20140718083944)
Migrating to CreatePgTeams (20140718084025)
Migrating to AddTeamIdToOpportunities (20140718115310)
Migrating to AddTeamsizeToTeamsMember (20140718120040)
Migrating to CreateUsersGithubProfiles (20140718190051)
Migrating to CreateUsersGithubRepositories (20140718190052)
Migrating to CreateUsersGithubRepositoriesFollowers (20140718190053)
Migrating to CreateUsersGithubRepositoriesContributors (20140718190054)
Migrating to CreateUsersGithubProfilesFollowers (20140718190055)
Migrating to CreateUsersGithubOrganizations (20140718190056)
Migrating to CreateUsersGithubOrganizationsFollowers (20140718190057)
Migrating to RemoveBetaAccess (20140719160422)
Migrating to CreateTeamsAccountPlans (20140719221934)
Migrating to AddStripetoTeamAccount (20140720113851)
Migrating to SetDefaultToPlanCurrency (20140720121419)
Migrating to DropProccessingQueue (20140726214006)
Migrating to AddColumstoPgteam (20140726233900)
Migrating to AddNameToTeams (20140728165706)
Migrating to AddGithubOrganizationNameToTeams (20140728170247)
Migrating to AddFieldsToTeamsMembers (20140728205954)
Migrating to AddTeamSizeToTeams (20140728214411)
Migrating to EnableCitextForUserUserName (20140729091832)
Migrating to RemoveThumnailUrlFromUser (20140730225739)
Migrating to RemoveUselessFieldsFromPgTeam (20140731132710)
Migrating to ChangeGithubProfiles (20140731225657)
Migrating to AddGithubUniqueIndexToUser (20140801145543)
Migrating to RemoveJoinedTwitterOnFromUser (20140807214719)
Migrating to AddMigrationFields (20140823103534)
Migrating to FixPgTeam (20140823174046)
Migrating to FixTypesOnPgTeams (20140914051313)
Migrating to AddTeamIdToInvitations (20140918030009)
Migrating to AddTeamIdToSeizedOpportunities (20140918031936)
Migrating to AddScoreCacheToTeamsMembers (20140919035232)
Migrating to AddTeamBannerToTeamsMember (20140919041335)
Migrating to AddTeamAvatarToTeamsMember (20140919042707)
Migrating to AddSlugToProtips (20141015182230)
Migrating to AddPointsOfInterestToTeamsLocations (20141111082038)
Migrating to AddRemoteToOpportunity (20141221211825)
Migrating to ReplaceRocketTagWithAato (20141231203425)
Migrating to TagAatoCleanup (20150103105333)
Migrating to CleanupEndorsementsWithoutSkill (20150108152023)
Migrating to AddRoleToTeamMember (20150109004213)
Migrating to SetTeamAdmins (20150109101515)
Migrating to ChangeTeamSlugToCitext (20150110084027)
Migrating to RestorePremiumTeamAdmins (20150110140000)
Migrating to AddNotNulltoProtipsSlug (20150225094555)
Migrating to AddUserdataToComment (20150428091725)
Migrating to RenameCommentRemoteIpToUserIp (20150503075957)
Migrating to AddAuthorDetailsToProtip (20150504132134)
Migrating to Deleteorphantables (20150514141341)
Migrating to Linkopportunitiestoteam (20150514164819)
Migrating to CleanupSeizedOpportunities (20150519051740)
Migrating to RemoveGithubAssignement (20150519184842)
Migrating to CreateNetworkHierarchies (20150523090756)
Migrating to CreateNetworkProtips (20150523214130)
Migrating to AddRoleToUser (20150703215747)
Migrating to AddMissingFKs (20150718093835)
Migrating to DropAdminFromTeamAccount (20150718114825)
Migrating to RemoveTeamLinks (20150718141045)
Migrating to AddSpamReportToProtipAndComment (20150719111620)
Migrating to DropNetworkProtipInCascade (20150719222345)
Migrating to LinkCommentToProtipWithoutPolymorphism (20150720001425)
Migrating to ChangeSkillNameToCitex (20150726134416)
Migrating to ConvertSkillsColumnsToDatabaseJson (20150726135616)
Migrating to AddTitleToMembership (20150809160133)
Connecting to database specified by database.yml
Connecting to database specified by database.yml
Connecting to database specified by database.yml
Migrating to AddBannedAtToUser (20140628045757)
Migrating to AddLastIpToUser (20140630201109)
Migrating to EnablePgStatStatements (20140701170008)
Migrating to CreateCaseInsensitiveIndexesOnUser (20140703223632)
Migrating to CreateSpamReports (20140709044301)
Migrating to AddLikeCounterToModels (20140713162421)
Migrating to SetDefaultScoreForProtip (20140713193201)
Migrating to SetDefaultToUserLastRequest (20140717105025)
Migrating to CreateTeamsAccounts (20140718083741)
Migrating to CreateTeamsLinks (20140718083912)
Migrating to CreateTeamsLocations (20140718083928)
Migrating to CreateTeamsMembers (20140718083944)
Migrating to CreatePgTeams (20140718084025)
Migrating to AddTeamIdToOpportunities (20140718115310)
Migrating to AddTeamsizeToTeamsMember (20140718120040)
Migrating to CreateUsersGithubProfiles (20140718190051)
Migrating to CreateUsersGithubRepositories (20140718190052)
Migrating to CreateUsersGithubRepositoriesFollowers (20140718190053)
Migrating to CreateUsersGithubRepositoriesContributors (20140718190054)
Migrating to CreateUsersGithubProfilesFollowers (20140718190055)
Migrating to CreateUsersGithubOrganizations (20140718190056)
Migrating to CreateUsersGithubOrganizationsFollowers (20140718190057)
Migrating to RemoveBetaAccess (20140719160422)
Migrating to CreateTeamsAccountPlans (20140719221934)
Migrating to AddStripetoTeamAccount (20140720113851)
Migrating to SetDefaultToPlanCurrency (20140720121419)
Migrating to DropProccessingQueue (20140726214006)
Migrating to AddColumstoPgteam (20140726233900)
Migrating to AddNameToTeams (20140728165706)
Migrating to AddGithubOrganizationNameToTeams (20140728170247)
Migrating to AddFieldsToTeamsMembers (20140728205954)
Migrating to AddTeamSizeToTeams (20140728214411)
Migrating to EnableCitextForUserUserName (20140729091832)
Migrating to RemoveThumnailUrlFromUser (20140730225739)
Migrating to RemoveUselessFieldsFromPgTeam (20140731132710)
Migrating to ChangeGithubProfiles (20140731225657)
Migrating to AddGithubUniqueIndexToUser (20140801145543)
Migrating to RemoveJoinedTwitterOnFromUser (20140807214719)
Migrating to AddMigrationFields (20140823103534)
Migrating to FixPgTeam (20140823174046)
Migrating to FixTypesOnPgTeams (20140914051313)
Migrating to AddTeamIdToInvitations (20140918030009)
Migrating to AddTeamIdToSeizedOpportunities (20140918031936)
Migrating to AddScoreCacheToTeamsMembers (20140919035232)
Migrating to AddTeamBannerToTeamsMember (20140919041335)
Migrating to AddTeamAvatarToTeamsMember (20140919042707)
Migrating to AddSlugToProtips (20141015182230)
Migrating to AddPointsOfInterestToTeamsLocations (20141111082038)
Migrating to AddRemoteToOpportunity (20141221211825)
Migrating to ReplaceRocketTagWithAato (20141231203425)
Migrating to TagAatoCleanup (20150103105333)
Migrating to CleanupEndorsementsWithoutSkill (20150108152023)
Migrating to AddRoleToTeamMember (20150109004213)
Migrating to SetTeamAdmins (20150109101515)
Migrating to ChangeTeamSlugToCitext (20150110084027)
Migrating to RestorePremiumTeamAdmins (20150110140000)
Migrating to AddNotNulltoProtipsSlug (20150225094555)
Migrating to AddUserdataToComment (20150428091725)
Migrating to RenameCommentRemoteIpToUserIp (20150503075957)
Migrating to AddAuthorDetailsToProtip (20150504132134)
Migrating to Deleteorphantables (20150514141341)
Migrating to Linkopportunitiestoteam (20150514164819)
Migrating to CleanupSeizedOpportunities (20150519051740)
Migrating to RemoveGithubAssignement (20150519184842)
Migrating to CreateNetworkHierarchies (20150523090756)
Migrating to CreateNetworkProtips (20150523214130)
Migrating to AddRoleToUser (20150703215747)
Migrating to AddMissingFKs (20150718093835)
Migrating to DropAdminFromTeamAccount (20150718114825)
Migrating to RemoveTeamLinks (20150718141045)
Migrating to AddSpamReportToProtipAndComment (20150719111620)
Migrating to DropNetworkProtipInCascade (20150719222345)
Migrating to LinkCommentToProtipWithoutPolymorphism (20150720001425)
Migrating to ChangeSkillNameToCitex (20150726134416)
Migrating to ConvertSkillsColumnsToDatabaseJson (20150726135616)
Migrating to AddTitleToMembership (20150809160133)
